<?xml version="1.0" encoding="UTF-8"?>
<!-- Generated by org.testng.reporters.JUnitXMLReporter -->
<testsuite ignored="0" hostname="DESKTOP-AO6R1E1" failures="3" tests="10" name="Surefire test" time="37.918" errors="0" timestamp="2024-01-24T23:39:54 IST">
  <testcase classname="api.test.DDTests" name="testPostUser" time="9.332"/>
  <testcase classname="api.test.DDTests" name="testPostUser" time="1.471"/>
  <testcase classname="api.test.DDTests" name="testPostUser" time="1.057"/>
  <testcase classname="api.test.DDTests" name="testDeleteUserByName" time="1.203">
    <failure type="java.lang.AssertionError" message="expected [200] but found [404]">
      <![CDATA[java.lang.AssertionError: expected [200] but found [404]
at api.test.DDTests.testDeleteUserByName(DDTests.java:30)
at java.base/java.util.ArrayList.forEach(ArrayList.java:1511)
... Removed 37 stack frames]]>
    </failure>
  </testcase> <!-- testDeleteUserByName -->
  <testcase classname="api.test.DDTests" name="testDeleteUserByName" time="1.031">
    <failure type="java.lang.AssertionError" message="expected [200] but found [404]">
      <![CDATA[java.lang.AssertionError: expected [200] but found [404]
at api.test.DDTests.testDeleteUserByName(DDTests.java:30)
at java.base/java.util.ArrayList.forEach(ArrayList.java:1511)
... Removed 37 stack frames]]>
    </failure>
  </testcase> <!-- testDeleteUserByName -->
  <testcase classname="api.test.DDTests" name="testDeleteUserByName" time="0.996">
    <failure type="java.lang.AssertionError" message="expected [200] but found [404]">
      <![CDATA[java.lang.AssertionError: expected [200] but found [404]
at api.test.DDTests.testDeleteUserByName(DDTests.java:30)
at java.base/java.util.ArrayList.forEach(ArrayList.java:1511)
... Removed 37 stack frames]]>
    </failure>
  </testcase> <!-- testDeleteUserByName -->
  <testcase classname="api.test.UserTests" name="testPostUser" time="1.656"/>
  <testcase classname="api.test.UserTests" name="testGetUserByName" time="1.058"/>
  <testcase classname="api.test.UserTests" name="testUpdateUserByName" time="2.459"/>
  <testcase classname="api.test.UserTests" name="testDeleteUserByName" time="1.04"/>
</testsuite> <!-- Surefire test -->
