<?xml version="1.0" encoding="UTF-8"?>
<!-- Generated by org.testng.reporters.JUnitXMLReporter -->
<testsuite ignored="0" hostname="DESKTOP-AO6R1E1" failures="0" tests="6" name="Default test" time="22.534" errors="0" timestamp="2024-01-23T23:30:30 IST">
  <testcase classname="api.test.DDTests" name="testPostUser" time="8.991"/>
  <testcase classname="api.test.DDTests" name="testPostUser" time="1.564"/>
  <testcase classname="api.test.DDTests" name="testPostUser" time="1.523"/>
  <testcase classname="api.test.DDTests" name="testDeleteUserByName" time="1.513"/>
  <testcase classname="api.test.DDTests" name="testDeleteUserByName" time="1.557"/>
  <testcase classname="api.test.DDTests" name="testDeleteUserByName" time="1.463"/>
</testsuite> <!-- Default test -->
