<?xml version="1.0" encoding="UTF-8"?>
<!-- Generated by org.testng.reporters.JUnitXMLReporter -->
<testsuite ignored="0" hostname="DESKTOP-AO6R1E1" failures="0" tests="4" name="PetTest" time="55.524" errors="0" timestamp="2024-01-25T15:37:50 IST">
  <testcase classname="api.test.UserTests" name="testPostUser" time="39.793"/>
  <testcase classname="api.test.UserTests" name="testGetUserByName" time="1.113"/>
  <testcase classname="api.test.UserTests" name="testUpdateUserByName" time="2.246"/>
  <testcase classname="api.test.UserTests" name="testDeleteUserByName" time="1.019"/>
</testsuite> <!-- PetTest -->
