<?xml version="1.0" encoding="UTF-8"?>
<!-- Generated by org.testng.reporters.JUnitXMLReporter -->
<testsuite ignored="0" hostname="DESKTOP-AO6R1E1" failures="0" tests="4" name="PetTest" time="12.006" errors="0" timestamp="2024-01-24T23:05:26 IST">
  <testcase classname="api.test.UserTests" name="testPostUser" time="4.766"/>
  <testcase classname="api.test.UserTests" name="testGetUserByName" time="1.366"/>
  <testcase classname="api.test.UserTests" name="testUpdateUserByName" time="2.363"/>
  <testcase classname="api.test.UserTests" name="testDeleteUserByName" time="1.114"/>
</testsuite> <!-- PetTest -->
